<?xml version="1.0" encoding="UTF-8"?>
<testsuite name="com.pakasio.app.FamsaApplicationTests" tests="1" skipped="0" failures="0" errors="0" timestamp="2024-08-08T16:08:18" hostname="T3554" time="0.001">
  <properties/>
  <testcase name="contextLoads()" classname="com.pakasio.app.FamsaApplicationTests" time="0.001"/>
  <system-out><![CDATA[]]></system-out>
  <system-err><![CDATA[]]></system-err>
</testsuite>
